-------------------------------------------------------------------------------
Test set: com.tests.CheckoutTest
-------------------------------------------------------------------------------
Tests run: 1, Failures: 0, Errors: 1, Skipped: 0, Time elapsed: 112.12 s <<< FAILURE! - in com.tests.CheckoutTest
checkoutProduct(com.tests.CheckoutTest)  Time elapsed: 112.059 s  <<< ERROR!
org.openqa.selenium.NoSuchElementException: 
An element could not be located on the page using the given search parameters. (WARNING: The server did not provide any stacktrace information)
Command duration or timeout: 0 milliseconds
For documentation on this error, please visit: https://www.seleniumhq.org/exceptions/no_such_element.html
Build info: version: '3.141.59', revision: 'e82be7d358', time: '2018-11-14T08:17:03'
System info: host: 'DESKTOP-JCG044N', ip: '192.168.3.8', os.name: 'Windows 10', os.arch: 'amd64', os.version: '10.0', java.version: '20.0.2'
Driver info: io.appium.java_client.android.AndroidDriver
Capabilities {64bit: false, acceptSslCert: false, acceptSslCerts: false, adbExecTimeout: 120000, appActivity: com.saucelabs.mydemoapp.and..., appPackage: com.saucelabs.mydemoapp.and..., automationName: uiautomator2, browserstack.appium_version: 1.17.0, browserstack.is_hub_canary: false, browserstack.minOSVersion: 5.0, buildName: Appium-GitHubActions-Build, bundleID: com.saucelabs.mydemoapp.and..., bundleId: com.saucelabs.mydemoapp.and..., capabilities: {64bit: false, acceptSslCert: false, acceptSslCerts: false, adbExecTimeout: 120000, appActivity: com.saucelabs.mydemoapp.and..., appPackage: com.saucelabs.mydemoapp.and..., automationName: uiautomator2, browserstack.appium_version: 1.17.0, browserstack.is_hub_canary: false, browserstack.minOSVersion: 5.0, buildName: Appium-GitHubActions-Build, bundleID: com.saucelabs.mydemoapp.and..., bundleId: com.saucelabs.mydemoapp.and..., chromeOptions: {w3c: false}, chromedriverPort: 18081, chromedriverPorts: [[18111, 18121]], databaseEnabled: false, detected_language: selenium/3.141.59 (java win..., device: google pixel 3, deviceApiLevel: 28, deviceManufacturer: Google, deviceModel: Pixel 3, deviceName: 8CBX1LTH1, deviceScreenDensity: 440, deviceScreenSize: 1080x2160, deviceUDID: 8CBX1LTH1, disableSuppressAccessibilityService: true, enablePerformanceLogging: false, instant_app_enabled_group: false, is_an_instant_app: false, javascriptEnabled: true, locationContextEnabled: false, mobile: {browser: mobile, version: Google Pixel 3-9.0}, nativeWebScreenshot: true, networkConnectionEnabled: true, newCommandTimeout: 0, new_bucketing: true, orig_os: android, osVersion: 9.0, os_version: 9.0, pixelRatio: 2.75, platform: ANDROID, platformName: Android, platformVersion: 9, projectName: Projeto Appium, realMobile: true, sessionId: f35e70bffba3574cc19a4fd2f4f..., sessionName: GitHub Actions Appium Test, skipServerInstallation: true, statBarHeight: 66, systemPort: 8201, takesScreenshot: true, udid: 8CBX1LTH1, uiautomator2ServerLaunchTimeout: 60000, version: , viewportRect: {height: 1962, left: 0, top: 66, width: 1080}, warnings: {}, webStorageEnabled: false}, chromeOptions: {w3c: false}, chromedriverPort: 18081, chromedriverPorts: [[18111, 18121]], databaseEnabled: false, detected_language: selenium/3.141.59 (java win..., device: google pixel 3, deviceApiLevel: 28, deviceManufacturer: Google, deviceModel: Pixel 3, deviceName: 8CBX1LTH1, deviceScreenDensity: 440, deviceScreenSize: 1080x2160, deviceUDID: 8CBX1LTH1, disableSuppressAccessibilityService: true, enablePerformanceLogging: false, instant_app_enabled_group: false, is_an_instant_app: false, javascriptEnabled: true, locationContextEnabled: false, mobile: {browser: mobile, version: Google Pixel 3-9.0}, nativeWebScreenshot: true, networkConnectionEnabled: true, newCommandTimeout: 0, new_bucketing: true, orig_os: android, osVersion: 9.0, os_version: 9.0, pixelRatio: 2.75, platform: ANDROID, platformName: Android, platformVersion: 9, projectName: Projeto Appium, realMobile: true, sessionId: f35e70bffba3574cc19a4fd2f4f..., sessionName: GitHub Actions Appium Test, skipServerInstallation: true, statBarHeight: 66, systemPort: 8201, takesScreenshot: true, udid: 8CBX1LTH1, uiautomator2ServerLaunchTimeout: 60000, version: , viewportRect: {height: 1962, left: 0, top: 66, width: 1080}, warnings: {}, webStorageEnabled: false}
Session ID: f35e70bffba3574cc19a4fd2f4f68340ca8abf69
*** Element info: {Using=id, value=com.saucelabs.mydemoapp.android:id/countryTV}
	at com.tests.CheckoutTest.validateReviewOrderScreen(CheckoutTest.java:71)
	at com.tests.CheckoutTest.checkoutProduct(CheckoutTest.java:58)

